Terminais sem uso na gramática

   TIPOINT
   DP


Estado 0 conflitos: 1 de deslocamento/redução
Estado 4 conflitos: 1 de deslocamento/redução
Estado 5 conflitos: 1 de deslocamento/redução
Estado 7 conflitos: 1 de deslocamento/redução
Estado 8 conflitos: 1 de deslocamento/redução
Estado 21 conflitos: 1 de deslocamento/redução
Estado 22 conflitos: 1 de deslocamento/redução
Estado 23 conflitos: 1 de deslocamento/redução
Estado 24 conflitos: 1 de deslocamento/redução
Estado 25 conflitos: 1 de deslocamento/redução
Estado 26 conflitos: 1 de deslocamento/redução
Estado 27 conflitos: 1 de deslocamento/redução
Estado 28 conflitos: 1 de deslocamento/redução
Estado 29 conflitos: 1 de deslocamento/redução
Estado 30 conflitos: 1 de deslocamento/redução
Estado 31 conflitos: 1 de deslocamento/redução
Estado 32 conflitos: 1 de deslocamento/redução
Estado 33 conflitos: 1 de deslocamento/redução
Estado 34 conflitos: 1 de deslocamento/redução
Estado 35 conflitos: 1 de deslocamento/redução
Estado 36 conflitos: 1 de deslocamento/redução
Estado 39 conflitos: 1 de deslocamento/redução
Estado 44 conflitos: 1 de deslocamento/redução
Estado 67 conflitos: 1 de deslocamento/redução
Estado 68 conflitos: 1 de deslocamento/redução
Estado 69 conflitos: 1 de deslocamento/redução
Estado 79 conflitos: 1 de deslocamento/redução


Gramática

    0 $accept: prog $end

    1 prog: expr

    2 expr: intconstant
    3     | stringconstant
    4     | id
    5     | expr DIF expr
    6     | expr GE expr
    7     | expr LE expr
    8     | expr EQ expr
    9     | expr GT expr
   10     | expr AND expr
   11     | expr OR expr
   12     | expr LT expr
   13     | expr VEZES expr
   14     | expr DIV expr
   15     | expr MAIS expr
   16     | expr MENOS expr
   17     | id ATT expr
   18     | id AP exprlist FP
   19     | AP exprseq FP
   20     | IF expr THEN expr
   21     | IF expr THEN expr ELSE expr
   22     | WHILE expr DO expr
   23     | LET declist IN exprseq END
   24     | MENOS expr
   25     | %empty

   26 exprseq: exprseq PVIR expr
   27        | expr

   28 exprlist: exprlist VIR expr
   29         | expr

   30 declist: %empty
   31        | declist dec

   32 dec: variabledec
   33    | functiondec

   34 variabledec: VAR id ATT expr

   35 id: ID

   36 intconstant: INTEGER

   37 stringconstant: STRING

   38 typefields: id
   39           | typefields VIR id

   40 functiondec: FUNCTION id AP typefields FP ATT expr


Terminais, com as regras onde eles aparecem

$end (0) 0
error (256)
STRING (258) 37
INTEGER (259) 36
VAR (260) 34
FUNCTION (261) 40
ID (262) 35
IF (263) 20 21
THEN (264) 20 21
ELSE (265) 21
WHILE (266) 22
DO (267) 22
LET (268) 23
IN (269) 23
END (270) 23
ATT (271) 17 34 40
DIF (272) 5
GE (273) 6
LE (274) 7
EQ (275) 8
GT (276) 9
LT (277) 12
TIPOINT (278)
MAIS (279) 15
MENOS (280) 16 24
VEZES (281) 13
DIV (282) 14
AND (283) 10
OR (284) 11
AP (285) 18 19 40
FP (286) 18 19 40
PVIR (287) 26
VIR (288) 28 39
DP (289)
HTO (290)
UMENOS (291)
LTE (292)


Não terminais com as regras onde eles aparecem

$accept (38)
    à esquerda: 0
prog (39)
    à esquerda: 1, à direita: 0
expr (40)
    à esquerda: 2 3 4 5 6 7 8 9 10 11 12 13 14 15 16 17 18 19 20 21
    22 23 24 25, à direita: 1 5 6 7 8 9 10 11 12 13 14 15 16 17 20
    21 22 24 26 27 28 29 34 40
exprseq (41)
    à esquerda: 26 27, à direita: 19 23 26
exprlist (42)
    à esquerda: 28 29, à direita: 18 28
declist (43)
    à esquerda: 30 31, à direita: 23 31
dec (44)
    à esquerda: 32 33, à direita: 31
variabledec (45)
    à esquerda: 34, à direita: 32
id (46)
    à esquerda: 35, à direita: 4 17 18 34 38 39 40
intconstant (47)
    à esquerda: 36, à direita: 2
stringconstant (48)
    à esquerda: 37, à direita: 3
typefields (49)
    à esquerda: 38 39, à direita: 39 40
functiondec (50)
    à esquerda: 40, à direita: 33


Estado 0

    0 $accept: . prog $end

    STRING   deslocar, e ir ao estado 1
    INTEGER  deslocar, e ir ao estado 2
    ID       deslocar, e ir ao estado 3
    IF       deslocar, e ir ao estado 4
    WHILE    deslocar, e ir ao estado 5
    LET      deslocar, e ir ao estado 6
    MENOS    deslocar, e ir ao estado 7
    AP       deslocar, e ir ao estado 8

    MENOS     [reduzir usando a regra 25 (expr)]
    $padrão  reduzir usando a regra 25 (expr)

    prog            ir ao estado 9
    expr            ir ao estado 10
    id              ir ao estado 11
    intconstant     ir ao estado 12
    stringconstant  ir ao estado 13


Estado 1

   37 stringconstant: STRING .

    $padrão  reduzir usando a regra 37 (stringconstant)


Estado 2

   36 intconstant: INTEGER .

    $padrão  reduzir usando a regra 36 (intconstant)


Estado 3

   35 id: ID .

    $padrão  reduzir usando a regra 35 (id)


Estado 4

   20 expr: IF . expr THEN expr
   21     | IF . expr THEN expr ELSE expr

    STRING   deslocar, e ir ao estado 1
    INTEGER  deslocar, e ir ao estado 2
    ID       deslocar, e ir ao estado 3
    IF       deslocar, e ir ao estado 4
    WHILE    deslocar, e ir ao estado 5
    LET      deslocar, e ir ao estado 6
    MENOS    deslocar, e ir ao estado 7
    AP       deslocar, e ir ao estado 8

    MENOS     [reduzir usando a regra 25 (expr)]
    $padrão  reduzir usando a regra 25 (expr)

    expr            ir ao estado 14
    id              ir ao estado 11
    intconstant     ir ao estado 12
    stringconstant  ir ao estado 13


Estado 5

   22 expr: WHILE . expr DO expr

    STRING   deslocar, e ir ao estado 1
    INTEGER  deslocar, e ir ao estado 2
    ID       deslocar, e ir ao estado 3
    IF       deslocar, e ir ao estado 4
    WHILE    deslocar, e ir ao estado 5
    LET      deslocar, e ir ao estado 6
    MENOS    deslocar, e ir ao estado 7
    AP       deslocar, e ir ao estado 8

    MENOS     [reduzir usando a regra 25 (expr)]
    $padrão  reduzir usando a regra 25 (expr)

    expr            ir ao estado 15
    id              ir ao estado 11
    intconstant     ir ao estado 12
    stringconstant  ir ao estado 13


Estado 6

   23 expr: LET . declist IN exprseq END

    $padrão  reduzir usando a regra 30 (declist)

    declist  ir ao estado 16


Estado 7

   24 expr: MENOS . expr

    STRING   deslocar, e ir ao estado 1
    INTEGER  deslocar, e ir ao estado 2
    ID       deslocar, e ir ao estado 3
    IF       deslocar, e ir ao estado 4
    WHILE    deslocar, e ir ao estado 5
    LET      deslocar, e ir ao estado 6
    MENOS    deslocar, e ir ao estado 7
    AP       deslocar, e ir ao estado 8

    MENOS     [reduzir usando a regra 25 (expr)]
    $padrão  reduzir usando a regra 25 (expr)

    expr            ir ao estado 17
    id              ir ao estado 11
    intconstant     ir ao estado 12
    stringconstant  ir ao estado 13


Estado 8

   19 expr: AP . exprseq FP

    STRING   deslocar, e ir ao estado 1
    INTEGER  deslocar, e ir ao estado 2
    ID       deslocar, e ir ao estado 3
    IF       deslocar, e ir ao estado 4
    WHILE    deslocar, e ir ao estado 5
    LET      deslocar, e ir ao estado 6
    MENOS    deslocar, e ir ao estado 7
    AP       deslocar, e ir ao estado 8

    MENOS     [reduzir usando a regra 25 (expr)]
    $padrão  reduzir usando a regra 25 (expr)

    expr            ir ao estado 18
    exprseq         ir ao estado 19
    id              ir ao estado 11
    intconstant     ir ao estado 12
    stringconstant  ir ao estado 13


Estado 9

    0 $accept: prog . $end

    $end  deslocar, e ir ao estado 20


Estado 10

    1 prog: expr .
    5 expr: expr . DIF expr
    6     | expr . GE expr
    7     | expr . LE expr
    8     | expr . EQ expr
    9     | expr . GT expr
   10     | expr . AND expr
   11     | expr . OR expr
   12     | expr . LT expr
   13     | expr . VEZES expr
   14     | expr . DIV expr
   15     | expr . MAIS expr
   16     | expr . MENOS expr

    DIF    deslocar, e ir ao estado 21
    GE     deslocar, e ir ao estado 22
    LE     deslocar, e ir ao estado 23
    EQ     deslocar, e ir ao estado 24
    GT     deslocar, e ir ao estado 25
    LT     deslocar, e ir ao estado 26
    MAIS   deslocar, e ir ao estado 27
    MENOS  deslocar, e ir ao estado 28
    VEZES  deslocar, e ir ao estado 29
    DIV    deslocar, e ir ao estado 30
    AND    deslocar, e ir ao estado 31
    OR     deslocar, e ir ao estado 32

    $padrão  reduzir usando a regra 1 (prog)


Estado 11

    4 expr: id .
   17     | id . ATT expr
   18     | id . AP exprlist FP

    ATT  deslocar, e ir ao estado 33
    AP   deslocar, e ir ao estado 34

    $padrão  reduzir usando a regra 4 (expr)


Estado 12

    2 expr: intconstant .

    $padrão  reduzir usando a regra 2 (expr)


Estado 13

    3 expr: stringconstant .

    $padrão  reduzir usando a regra 3 (expr)


Estado 14

    5 expr: expr . DIF expr
    6     | expr . GE expr
    7     | expr . LE expr
    8     | expr . EQ expr
    9     | expr . GT expr
   10     | expr . AND expr
   11     | expr . OR expr
   12     | expr . LT expr
   13     | expr . VEZES expr
   14     | expr . DIV expr
   15     | expr . MAIS expr
   16     | expr . MENOS expr
   20     | IF expr . THEN expr
   21     | IF expr . THEN expr ELSE expr

    THEN   deslocar, e ir ao estado 35
    DIF    deslocar, e ir ao estado 21
    GE     deslocar, e ir ao estado 22
    LE     deslocar, e ir ao estado 23
    EQ     deslocar, e ir ao estado 24
    GT     deslocar, e ir ao estado 25
    LT     deslocar, e ir ao estado 26
    MAIS   deslocar, e ir ao estado 27
    MENOS  deslocar, e ir ao estado 28
    VEZES  deslocar, e ir ao estado 29
    DIV    deslocar, e ir ao estado 30
    AND    deslocar, e ir ao estado 31
    OR     deslocar, e ir ao estado 32


Estado 15

    5 expr: expr . DIF expr
    6     | expr . GE expr
    7     | expr . LE expr
    8     | expr . EQ expr
    9     | expr . GT expr
   10     | expr . AND expr
   11     | expr . OR expr
   12     | expr . LT expr
   13     | expr . VEZES expr
   14     | expr . DIV expr
   15     | expr . MAIS expr
   16     | expr . MENOS expr
   22     | WHILE expr . DO expr

    DO     deslocar, e ir ao estado 36
    DIF    deslocar, e ir ao estado 21
    GE     deslocar, e ir ao estado 22
    LE     deslocar, e ir ao estado 23
    EQ     deslocar, e ir ao estado 24
    GT     deslocar, e ir ao estado 25
    LT     deslocar, e ir ao estado 26
    MAIS   deslocar, e ir ao estado 27
    MENOS  deslocar, e ir ao estado 28
    VEZES  deslocar, e ir ao estado 29
    DIV    deslocar, e ir ao estado 30
    AND    deslocar, e ir ao estado 31
    OR     deslocar, e ir ao estado 32


Estado 16

   23 expr: LET declist . IN exprseq END
   31 declist: declist . dec

    VAR       deslocar, e ir ao estado 37
    FUNCTION  deslocar, e ir ao estado 38
    IN        deslocar, e ir ao estado 39

    dec          ir ao estado 40
    variabledec  ir ao estado 41
    functiondec  ir ao estado 42


Estado 17

    5 expr: expr . DIF expr
    6     | expr . GE expr
    7     | expr . LE expr
    8     | expr . EQ expr
    9     | expr . GT expr
   10     | expr . AND expr
   11     | expr . OR expr
   12     | expr . LT expr
   13     | expr . VEZES expr
   14     | expr . DIV expr
   15     | expr . MAIS expr
   16     | expr . MENOS expr
   24     | MENOS expr .

    $padrão  reduzir usando a regra 24 (expr)


Estado 18

    5 expr: expr . DIF expr
    6     | expr . GE expr
    7     | expr . LE expr
    8     | expr . EQ expr
    9     | expr . GT expr
   10     | expr . AND expr
   11     | expr . OR expr
   12     | expr . LT expr
   13     | expr . VEZES expr
   14     | expr . DIV expr
   15     | expr . MAIS expr
   16     | expr . MENOS expr
   27 exprseq: expr .

    DIF    deslocar, e ir ao estado 21
    GE     deslocar, e ir ao estado 22
    LE     deslocar, e ir ao estado 23
    EQ     deslocar, e ir ao estado 24
    GT     deslocar, e ir ao estado 25
    LT     deslocar, e ir ao estado 26
    MAIS   deslocar, e ir ao estado 27
    MENOS  deslocar, e ir ao estado 28
    VEZES  deslocar, e ir ao estado 29
    DIV    deslocar, e ir ao estado 30
    AND    deslocar, e ir ao estado 31
    OR     deslocar, e ir ao estado 32

    $padrão  reduzir usando a regra 27 (exprseq)


Estado 19

   19 expr: AP exprseq . FP
   26 exprseq: exprseq . PVIR expr

    FP    deslocar, e ir ao estado 43
    PVIR  deslocar, e ir ao estado 44


Estado 20

    0 $accept: prog $end .

    $padrão  aceitar


Estado 21

    5 expr: expr DIF . expr

    STRING   deslocar, e ir ao estado 1
    INTEGER  deslocar, e ir ao estado 2
    ID       deslocar, e ir ao estado 3
    IF       deslocar, e ir ao estado 4
    WHILE    deslocar, e ir ao estado 5
    LET      deslocar, e ir ao estado 6
    MENOS    deslocar, e ir ao estado 7
    AP       deslocar, e ir ao estado 8

    MENOS     [reduzir usando a regra 25 (expr)]
    $padrão  reduzir usando a regra 25 (expr)

    expr            ir ao estado 45
    id              ir ao estado 11
    intconstant     ir ao estado 12
    stringconstant  ir ao estado 13


Estado 22

    6 expr: expr GE . expr

    STRING   deslocar, e ir ao estado 1
    INTEGER  deslocar, e ir ao estado 2
    ID       deslocar, e ir ao estado 3
    IF       deslocar, e ir ao estado 4
    WHILE    deslocar, e ir ao estado 5
    LET      deslocar, e ir ao estado 6
    MENOS    deslocar, e ir ao estado 7
    AP       deslocar, e ir ao estado 8

    MENOS     [reduzir usando a regra 25 (expr)]
    $padrão  reduzir usando a regra 25 (expr)

    expr            ir ao estado 46
    id              ir ao estado 11
    intconstant     ir ao estado 12
    stringconstant  ir ao estado 13


Estado 23

    7 expr: expr LE . expr

    STRING   deslocar, e ir ao estado 1
    INTEGER  deslocar, e ir ao estado 2
    ID       deslocar, e ir ao estado 3
    IF       deslocar, e ir ao estado 4
    WHILE    deslocar, e ir ao estado 5
    LET      deslocar, e ir ao estado 6
    MENOS    deslocar, e ir ao estado 7
    AP       deslocar, e ir ao estado 8

    MENOS     [reduzir usando a regra 25 (expr)]
    $padrão  reduzir usando a regra 25 (expr)

    expr            ir ao estado 47
    id              ir ao estado 11
    intconstant     ir ao estado 12
    stringconstant  ir ao estado 13


Estado 24

    8 expr: expr EQ . expr

    STRING   deslocar, e ir ao estado 1
    INTEGER  deslocar, e ir ao estado 2
    ID       deslocar, e ir ao estado 3
    IF       deslocar, e ir ao estado 4
    WHILE    deslocar, e ir ao estado 5
    LET      deslocar, e ir ao estado 6
    MENOS    deslocar, e ir ao estado 7
    AP       deslocar, e ir ao estado 8

    MENOS     [reduzir usando a regra 25 (expr)]
    $padrão  reduzir usando a regra 25 (expr)

    expr            ir ao estado 48
    id              ir ao estado 11
    intconstant     ir ao estado 12
    stringconstant  ir ao estado 13


Estado 25

    9 expr: expr GT . expr

    STRING   deslocar, e ir ao estado 1
    INTEGER  deslocar, e ir ao estado 2
    ID       deslocar, e ir ao estado 3
    IF       deslocar, e ir ao estado 4
    WHILE    deslocar, e ir ao estado 5
    LET      deslocar, e ir ao estado 6
    MENOS    deslocar, e ir ao estado 7
    AP       deslocar, e ir ao estado 8

    MENOS     [reduzir usando a regra 25 (expr)]
    $padrão  reduzir usando a regra 25 (expr)

    expr            ir ao estado 49
    id              ir ao estado 11
    intconstant     ir ao estado 12
    stringconstant  ir ao estado 13


Estado 26

   12 expr: expr LT . expr

    STRING   deslocar, e ir ao estado 1
    INTEGER  deslocar, e ir ao estado 2
    ID       deslocar, e ir ao estado 3
    IF       deslocar, e ir ao estado 4
    WHILE    deslocar, e ir ao estado 5
    LET      deslocar, e ir ao estado 6
    MENOS    deslocar, e ir ao estado 7
    AP       deslocar, e ir ao estado 8

    MENOS     [reduzir usando a regra 25 (expr)]
    $padrão  reduzir usando a regra 25 (expr)

    expr            ir ao estado 50
    id              ir ao estado 11
    intconstant     ir ao estado 12
    stringconstant  ir ao estado 13


Estado 27

   15 expr: expr MAIS . expr

    STRING   deslocar, e ir ao estado 1
    INTEGER  deslocar, e ir ao estado 2
    ID       deslocar, e ir ao estado 3
    IF       deslocar, e ir ao estado 4
    WHILE    deslocar, e ir ao estado 5
    LET      deslocar, e ir ao estado 6
    MENOS    deslocar, e ir ao estado 7
    AP       deslocar, e ir ao estado 8

    MENOS     [reduzir usando a regra 25 (expr)]
    $padrão  reduzir usando a regra 25 (expr)

    expr            ir ao estado 51
    id              ir ao estado 11
    intconstant     ir ao estado 12
    stringconstant  ir ao estado 13


Estado 28

   16 expr: expr MENOS . expr

    STRING   deslocar, e ir ao estado 1
    INTEGER  deslocar, e ir ao estado 2
    ID       deslocar, e ir ao estado 3
    IF       deslocar, e ir ao estado 4
    WHILE    deslocar, e ir ao estado 5
    LET      deslocar, e ir ao estado 6
    MENOS    deslocar, e ir ao estado 7
    AP       deslocar, e ir ao estado 8

    MENOS     [reduzir usando a regra 25 (expr)]
    $padrão  reduzir usando a regra 25 (expr)

    expr            ir ao estado 52
    id              ir ao estado 11
    intconstant     ir ao estado 12
    stringconstant  ir ao estado 13


Estado 29

   13 expr: expr VEZES . expr

    STRING   deslocar, e ir ao estado 1
    INTEGER  deslocar, e ir ao estado 2
    ID       deslocar, e ir ao estado 3
    IF       deslocar, e ir ao estado 4
    WHILE    deslocar, e ir ao estado 5
    LET      deslocar, e ir ao estado 6
    MENOS    deslocar, e ir ao estado 7
    AP       deslocar, e ir ao estado 8

    MENOS     [reduzir usando a regra 25 (expr)]
    $padrão  reduzir usando a regra 25 (expr)

    expr            ir ao estado 53
    id              ir ao estado 11
    intconstant     ir ao estado 12
    stringconstant  ir ao estado 13


Estado 30

   14 expr: expr DIV . expr

    STRING   deslocar, e ir ao estado 1
    INTEGER  deslocar, e ir ao estado 2
    ID       deslocar, e ir ao estado 3
    IF       deslocar, e ir ao estado 4
    WHILE    deslocar, e ir ao estado 5
    LET      deslocar, e ir ao estado 6
    MENOS    deslocar, e ir ao estado 7
    AP       deslocar, e ir ao estado 8

    MENOS     [reduzir usando a regra 25 (expr)]
    $padrão  reduzir usando a regra 25 (expr)

    expr            ir ao estado 54
    id              ir ao estado 11
    intconstant     ir ao estado 12
    stringconstant  ir ao estado 13


Estado 31

   10 expr: expr AND . expr

    STRING   deslocar, e ir ao estado 1
    INTEGER  deslocar, e ir ao estado 2
    ID       deslocar, e ir ao estado 3
    IF       deslocar, e ir ao estado 4
    WHILE    deslocar, e ir ao estado 5
    LET      deslocar, e ir ao estado 6
    MENOS    deslocar, e ir ao estado 7
    AP       deslocar, e ir ao estado 8

    MENOS     [reduzir usando a regra 25 (expr)]
    $padrão  reduzir usando a regra 25 (expr)

    expr            ir ao estado 55
    id              ir ao estado 11
    intconstant     ir ao estado 12
    stringconstant  ir ao estado 13


Estado 32

   11 expr: expr OR . expr

    STRING   deslocar, e ir ao estado 1
    INTEGER  deslocar, e ir ao estado 2
    ID       deslocar, e ir ao estado 3
    IF       deslocar, e ir ao estado 4
    WHILE    deslocar, e ir ao estado 5
    LET      deslocar, e ir ao estado 6
    MENOS    deslocar, e ir ao estado 7
    AP       deslocar, e ir ao estado 8

    MENOS     [reduzir usando a regra 25 (expr)]
    $padrão  reduzir usando a regra 25 (expr)

    expr            ir ao estado 56
    id              ir ao estado 11
    intconstant     ir ao estado 12
    stringconstant  ir ao estado 13


Estado 33

   17 expr: id ATT . expr

    STRING   deslocar, e ir ao estado 1
    INTEGER  deslocar, e ir ao estado 2
    ID       deslocar, e ir ao estado 3
    IF       deslocar, e ir ao estado 4
    WHILE    deslocar, e ir ao estado 5
    LET      deslocar, e ir ao estado 6
    MENOS    deslocar, e ir ao estado 7
    AP       deslocar, e ir ao estado 8

    MENOS     [reduzir usando a regra 25 (expr)]
    $padrão  reduzir usando a regra 25 (expr)

    expr            ir ao estado 57
    id              ir ao estado 11
    intconstant     ir ao estado 12
    stringconstant  ir ao estado 13


Estado 34

   18 expr: id AP . exprlist FP

    STRING   deslocar, e ir ao estado 1
    INTEGER  deslocar, e ir ao estado 2
    ID       deslocar, e ir ao estado 3
    IF       deslocar, e ir ao estado 4
    WHILE    deslocar, e ir ao estado 5
    LET      deslocar, e ir ao estado 6
    MENOS    deslocar, e ir ao estado 7
    AP       deslocar, e ir ao estado 8

    MENOS     [reduzir usando a regra 25 (expr)]
    $padrão  reduzir usando a regra 25 (expr)

    expr            ir ao estado 58
    exprlist        ir ao estado 59
    id              ir ao estado 11
    intconstant     ir ao estado 12
    stringconstant  ir ao estado 13


Estado 35

   20 expr: IF expr THEN . expr
   21     | IF expr THEN . expr ELSE expr

    STRING   deslocar, e ir ao estado 1
    INTEGER  deslocar, e ir ao estado 2
    ID       deslocar, e ir ao estado 3
    IF       deslocar, e ir ao estado 4
    WHILE    deslocar, e ir ao estado 5
    LET      deslocar, e ir ao estado 6
    MENOS    deslocar, e ir ao estado 7
    AP       deslocar, e ir ao estado 8

    MENOS     [reduzir usando a regra 25 (expr)]
    $padrão  reduzir usando a regra 25 (expr)

    expr            ir ao estado 60
    id              ir ao estado 11
    intconstant     ir ao estado 12
    stringconstant  ir ao estado 13


Estado 36

   22 expr: WHILE expr DO . expr

    STRING   deslocar, e ir ao estado 1
    INTEGER  deslocar, e ir ao estado 2
    ID       deslocar, e ir ao estado 3
    IF       deslocar, e ir ao estado 4
    WHILE    deslocar, e ir ao estado 5
    LET      deslocar, e ir ao estado 6
    MENOS    deslocar, e ir ao estado 7
    AP       deslocar, e ir ao estado 8

    MENOS     [reduzir usando a regra 25 (expr)]
    $padrão  reduzir usando a regra 25 (expr)

    expr            ir ao estado 61
    id              ir ao estado 11
    intconstant     ir ao estado 12
    stringconstant  ir ao estado 13


Estado 37

   34 variabledec: VAR . id ATT expr

    ID  deslocar, e ir ao estado 3

    id  ir ao estado 62


Estado 38

   40 functiondec: FUNCTION . id AP typefields FP ATT expr

    ID  deslocar, e ir ao estado 3

    id  ir ao estado 63


Estado 39

   23 expr: LET declist IN . exprseq END

    STRING   deslocar, e ir ao estado 1
    INTEGER  deslocar, e ir ao estado 2
    ID       deslocar, e ir ao estado 3
    IF       deslocar, e ir ao estado 4
    WHILE    deslocar, e ir ao estado 5
    LET      deslocar, e ir ao estado 6
    MENOS    deslocar, e ir ao estado 7
    AP       deslocar, e ir ao estado 8

    MENOS     [reduzir usando a regra 25 (expr)]
    $padrão  reduzir usando a regra 25 (expr)

    expr            ir ao estado 18
    exprseq         ir ao estado 64
    id              ir ao estado 11
    intconstant     ir ao estado 12
    stringconstant  ir ao estado 13


Estado 40

   31 declist: declist dec .

    $padrão  reduzir usando a regra 31 (declist)


Estado 41

   32 dec: variabledec .

    $padrão  reduzir usando a regra 32 (dec)


Estado 42

   33 dec: functiondec .

    $padrão  reduzir usando a regra 33 (dec)


Estado 43

   19 expr: AP exprseq FP .

    $padrão  reduzir usando a regra 19 (expr)


Estado 44

   26 exprseq: exprseq PVIR . expr

    STRING   deslocar, e ir ao estado 1
    INTEGER  deslocar, e ir ao estado 2
    ID       deslocar, e ir ao estado 3
    IF       deslocar, e ir ao estado 4
    WHILE    deslocar, e ir ao estado 5
    LET      deslocar, e ir ao estado 6
    MENOS    deslocar, e ir ao estado 7
    AP       deslocar, e ir ao estado 8

    MENOS     [reduzir usando a regra 25 (expr)]
    $padrão  reduzir usando a regra 25 (expr)

    expr            ir ao estado 65
    id              ir ao estado 11
    intconstant     ir ao estado 12
    stringconstant  ir ao estado 13


Estado 45

    5 expr: expr . DIF expr
    5     | expr DIF expr .
    6     | expr . GE expr
    7     | expr . LE expr
    8     | expr . EQ expr
    9     | expr . GT expr
   10     | expr . AND expr
   11     | expr . OR expr
   12     | expr . LT expr
   13     | expr . VEZES expr
   14     | expr . DIV expr
   15     | expr . MAIS expr
   16     | expr . MENOS expr

    AND  deslocar, e ir ao estado 31
    OR   deslocar, e ir ao estado 32

    DIF  erro (não associativo)
    GE   erro (não associativo)
    LE   erro (não associativo)
    EQ   erro (não associativo)
    GT   erro (não associativo)
    LT   erro (não associativo)

    $padrão  reduzir usando a regra 5 (expr)


Estado 46

    5 expr: expr . DIF expr
    6     | expr . GE expr
    6     | expr GE expr .
    7     | expr . LE expr
    8     | expr . EQ expr
    9     | expr . GT expr
   10     | expr . AND expr
   11     | expr . OR expr
   12     | expr . LT expr
   13     | expr . VEZES expr
   14     | expr . DIV expr
   15     | expr . MAIS expr
   16     | expr . MENOS expr

    AND  deslocar, e ir ao estado 31
    OR   deslocar, e ir ao estado 32

    DIF  erro (não associativo)
    GE   erro (não associativo)
    LE   erro (não associativo)
    EQ   erro (não associativo)
    GT   erro (não associativo)
    LT   erro (não associativo)

    $padrão  reduzir usando a regra 6 (expr)


Estado 47

    5 expr: expr . DIF expr
    6     | expr . GE expr
    7     | expr . LE expr
    7     | expr LE expr .
    8     | expr . EQ expr
    9     | expr . GT expr
   10     | expr . AND expr
   11     | expr . OR expr
   12     | expr . LT expr
   13     | expr . VEZES expr
   14     | expr . DIV expr
   15     | expr . MAIS expr
   16     | expr . MENOS expr

    AND  deslocar, e ir ao estado 31
    OR   deslocar, e ir ao estado 32

    DIF  erro (não associativo)
    GE   erro (não associativo)
    LE   erro (não associativo)
    EQ   erro (não associativo)
    GT   erro (não associativo)
    LT   erro (não associativo)

    $padrão  reduzir usando a regra 7 (expr)


Estado 48

    5 expr: expr . DIF expr
    6     | expr . GE expr
    7     | expr . LE expr
    8     | expr . EQ expr
    8     | expr EQ expr .
    9     | expr . GT expr
   10     | expr . AND expr
   11     | expr . OR expr
   12     | expr . LT expr
   13     | expr . VEZES expr
   14     | expr . DIV expr
   15     | expr . MAIS expr
   16     | expr . MENOS expr

    AND  deslocar, e ir ao estado 31
    OR   deslocar, e ir ao estado 32

    DIF  erro (não associativo)
    GE   erro (não associativo)
    LE   erro (não associativo)
    EQ   erro (não associativo)
    GT   erro (não associativo)
    LT   erro (não associativo)

    $padrão  reduzir usando a regra 8 (expr)


Estado 49

    5 expr: expr . DIF expr
    6     | expr . GE expr
    7     | expr . LE expr
    8     | expr . EQ expr
    9     | expr . GT expr
    9     | expr GT expr .
   10     | expr . AND expr
   11     | expr . OR expr
   12     | expr . LT expr
   13     | expr . VEZES expr
   14     | expr . DIV expr
   15     | expr . MAIS expr
   16     | expr . MENOS expr

    AND  deslocar, e ir ao estado 31
    OR   deslocar, e ir ao estado 32

    DIF  erro (não associativo)
    GE   erro (não associativo)
    LE   erro (não associativo)
    EQ   erro (não associativo)
    GT   erro (não associativo)
    LT   erro (não associativo)

    $padrão  reduzir usando a regra 9 (expr)


Estado 50

    5 expr: expr . DIF expr
    6     | expr . GE expr
    7     | expr . LE expr
    8     | expr . EQ expr
    9     | expr . GT expr
   10     | expr . AND expr
   11     | expr . OR expr
   12     | expr . LT expr
   12     | expr LT expr .
   13     | expr . VEZES expr
   14     | expr . DIV expr
   15     | expr . MAIS expr
   16     | expr . MENOS expr

    AND  deslocar, e ir ao estado 31
    OR   deslocar, e ir ao estado 32

    DIF  erro (não associativo)
    GE   erro (não associativo)
    LE   erro (não associativo)
    EQ   erro (não associativo)
    GT   erro (não associativo)
    LT   erro (não associativo)

    $padrão  reduzir usando a regra 12 (expr)


Estado 51

    5 expr: expr . DIF expr
    6     | expr . GE expr
    7     | expr . LE expr
    8     | expr . EQ expr
    9     | expr . GT expr
   10     | expr . AND expr
   11     | expr . OR expr
   12     | expr . LT expr
   13     | expr . VEZES expr
   14     | expr . DIV expr
   15     | expr . MAIS expr
   15     | expr MAIS expr .
   16     | expr . MENOS expr

    DIF    deslocar, e ir ao estado 21
    GE     deslocar, e ir ao estado 22
    LE     deslocar, e ir ao estado 23
    EQ     deslocar, e ir ao estado 24
    GT     deslocar, e ir ao estado 25
    LT     deslocar, e ir ao estado 26
    VEZES  deslocar, e ir ao estado 29
    DIV    deslocar, e ir ao estado 30
    AND    deslocar, e ir ao estado 31
    OR     deslocar, e ir ao estado 32

    $padrão  reduzir usando a regra 15 (expr)


Estado 52

    5 expr: expr . DIF expr
    6     | expr . GE expr
    7     | expr . LE expr
    8     | expr . EQ expr
    9     | expr . GT expr
   10     | expr . AND expr
   11     | expr . OR expr
   12     | expr . LT expr
   13     | expr . VEZES expr
   14     | expr . DIV expr
   15     | expr . MAIS expr
   16     | expr . MENOS expr
   16     | expr MENOS expr .

    DIF    deslocar, e ir ao estado 21
    GE     deslocar, e ir ao estado 22
    LE     deslocar, e ir ao estado 23
    EQ     deslocar, e ir ao estado 24
    GT     deslocar, e ir ao estado 25
    LT     deslocar, e ir ao estado 26
    VEZES  deslocar, e ir ao estado 29
    DIV    deslocar, e ir ao estado 30
    AND    deslocar, e ir ao estado 31
    OR     deslocar, e ir ao estado 32

    $padrão  reduzir usando a regra 16 (expr)


Estado 53

    5 expr: expr . DIF expr
    6     | expr . GE expr
    7     | expr . LE expr
    8     | expr . EQ expr
    9     | expr . GT expr
   10     | expr . AND expr
   11     | expr . OR expr
   12     | expr . LT expr
   13     | expr . VEZES expr
   13     | expr VEZES expr .
   14     | expr . DIV expr
   15     | expr . MAIS expr
   16     | expr . MENOS expr

    DIF  deslocar, e ir ao estado 21
    GE   deslocar, e ir ao estado 22
    LE   deslocar, e ir ao estado 23
    EQ   deslocar, e ir ao estado 24
    GT   deslocar, e ir ao estado 25
    LT   deslocar, e ir ao estado 26
    AND  deslocar, e ir ao estado 31
    OR   deslocar, e ir ao estado 32

    $padrão  reduzir usando a regra 13 (expr)


Estado 54

    5 expr: expr . DIF expr
    6     | expr . GE expr
    7     | expr . LE expr
    8     | expr . EQ expr
    9     | expr . GT expr
   10     | expr . AND expr
   11     | expr . OR expr
   12     | expr . LT expr
   13     | expr . VEZES expr
   14     | expr . DIV expr
   14     | expr DIV expr .
   15     | expr . MAIS expr
   16     | expr . MENOS expr

    DIF  deslocar, e ir ao estado 21
    GE   deslocar, e ir ao estado 22
    LE   deslocar, e ir ao estado 23
    EQ   deslocar, e ir ao estado 24
    GT   deslocar, e ir ao estado 25
    LT   deslocar, e ir ao estado 26
    AND  deslocar, e ir ao estado 31
    OR   deslocar, e ir ao estado 32

    $padrão  reduzir usando a regra 14 (expr)


Estado 55

    5 expr: expr . DIF expr
    6     | expr . GE expr
    7     | expr . LE expr
    8     | expr . EQ expr
    9     | expr . GT expr
   10     | expr . AND expr
   10     | expr AND expr .
   11     | expr . OR expr
   12     | expr . LT expr
   13     | expr . VEZES expr
   14     | expr . DIV expr
   15     | expr . MAIS expr
   16     | expr . MENOS expr

    $padrão  reduzir usando a regra 10 (expr)


Estado 56

    5 expr: expr . DIF expr
    6     | expr . GE expr
    7     | expr . LE expr
    8     | expr . EQ expr
    9     | expr . GT expr
   10     | expr . AND expr
   11     | expr . OR expr
   11     | expr OR expr .
   12     | expr . LT expr
   13     | expr . VEZES expr
   14     | expr . DIV expr
   15     | expr . MAIS expr
   16     | expr . MENOS expr

    $padrão  reduzir usando a regra 11 (expr)


Estado 57

    5 expr: expr . DIF expr
    6     | expr . GE expr
    7     | expr . LE expr
    8     | expr . EQ expr
    9     | expr . GT expr
   10     | expr . AND expr
   11     | expr . OR expr
   12     | expr . LT expr
   13     | expr . VEZES expr
   14     | expr . DIV expr
   15     | expr . MAIS expr
   16     | expr . MENOS expr
   17     | id ATT expr .

    AND  deslocar, e ir ao estado 31
    OR   deslocar, e ir ao estado 32

    DIF  erro (não associativo)
    GE   erro (não associativo)
    LE   erro (não associativo)
    EQ   erro (não associativo)
    GT   erro (não associativo)
    LT   erro (não associativo)

    $padrão  reduzir usando a regra 17 (expr)


Estado 58

    5 expr: expr . DIF expr
    6     | expr . GE expr
    7     | expr . LE expr
    8     | expr . EQ expr
    9     | expr . GT expr
   10     | expr . AND expr
   11     | expr . OR expr
   12     | expr . LT expr
   13     | expr . VEZES expr
   14     | expr . DIV expr
   15     | expr . MAIS expr
   16     | expr . MENOS expr
   29 exprlist: expr .

    DIF    deslocar, e ir ao estado 21
    GE     deslocar, e ir ao estado 22
    LE     deslocar, e ir ao estado 23
    EQ     deslocar, e ir ao estado 24
    GT     deslocar, e ir ao estado 25
    LT     deslocar, e ir ao estado 26
    MAIS   deslocar, e ir ao estado 27
    MENOS  deslocar, e ir ao estado 28
    VEZES  deslocar, e ir ao estado 29
    DIV    deslocar, e ir ao estado 30
    AND    deslocar, e ir ao estado 31
    OR     deslocar, e ir ao estado 32

    $padrão  reduzir usando a regra 29 (exprlist)


Estado 59

   18 expr: id AP exprlist . FP
   28 exprlist: exprlist . VIR expr

    FP   deslocar, e ir ao estado 66
    VIR  deslocar, e ir ao estado 67


Estado 60

    5 expr: expr . DIF expr
    6     | expr . GE expr
    7     | expr . LE expr
    8     | expr . EQ expr
    9     | expr . GT expr
   10     | expr . AND expr
   11     | expr . OR expr
   12     | expr . LT expr
   13     | expr . VEZES expr
   14     | expr . DIV expr
   15     | expr . MAIS expr
   16     | expr . MENOS expr
   20     | IF expr THEN expr .
   21     | IF expr THEN expr . ELSE expr

    ELSE  deslocar, e ir ao estado 68

    $padrão  reduzir usando a regra 20 (expr)


Estado 61

    5 expr: expr . DIF expr
    6     | expr . GE expr
    7     | expr . LE expr
    8     | expr . EQ expr
    9     | expr . GT expr
   10     | expr . AND expr
   11     | expr . OR expr
   12     | expr . LT expr
   13     | expr . VEZES expr
   14     | expr . DIV expr
   15     | expr . MAIS expr
   16     | expr . MENOS expr
   22     | WHILE expr DO expr .

    $padrão  reduzir usando a regra 22 (expr)


Estado 62

   34 variabledec: VAR id . ATT expr

    ATT  deslocar, e ir ao estado 69


Estado 63

   40 functiondec: FUNCTION id . AP typefields FP ATT expr

    AP  deslocar, e ir ao estado 70


Estado 64

   23 expr: LET declist IN exprseq . END
   26 exprseq: exprseq . PVIR expr

    END   deslocar, e ir ao estado 71
    PVIR  deslocar, e ir ao estado 44


Estado 65

    5 expr: expr . DIF expr
    6     | expr . GE expr
    7     | expr . LE expr
    8     | expr . EQ expr
    9     | expr . GT expr
   10     | expr . AND expr
   11     | expr . OR expr
   12     | expr . LT expr
   13     | expr . VEZES expr
   14     | expr . DIV expr
   15     | expr . MAIS expr
   16     | expr . MENOS expr
   26 exprseq: exprseq PVIR expr .

    DIF    deslocar, e ir ao estado 21
    GE     deslocar, e ir ao estado 22
    LE     deslocar, e ir ao estado 23
    EQ     deslocar, e ir ao estado 24
    GT     deslocar, e ir ao estado 25
    LT     deslocar, e ir ao estado 26
    MAIS   deslocar, e ir ao estado 27
    MENOS  deslocar, e ir ao estado 28
    VEZES  deslocar, e ir ao estado 29
    DIV    deslocar, e ir ao estado 30
    AND    deslocar, e ir ao estado 31
    OR     deslocar, e ir ao estado 32

    $padrão  reduzir usando a regra 26 (exprseq)


Estado 66

   18 expr: id AP exprlist FP .

    $padrão  reduzir usando a regra 18 (expr)


Estado 67

   28 exprlist: exprlist VIR . expr

    STRING   deslocar, e ir ao estado 1
    INTEGER  deslocar, e ir ao estado 2
    ID       deslocar, e ir ao estado 3
    IF       deslocar, e ir ao estado 4
    WHILE    deslocar, e ir ao estado 5
    LET      deslocar, e ir ao estado 6
    MENOS    deslocar, e ir ao estado 7
    AP       deslocar, e ir ao estado 8

    MENOS     [reduzir usando a regra 25 (expr)]
    $padrão  reduzir usando a regra 25 (expr)

    expr            ir ao estado 72
    id              ir ao estado 11
    intconstant     ir ao estado 12
    stringconstant  ir ao estado 13


Estado 68

   21 expr: IF expr THEN expr ELSE . expr

    STRING   deslocar, e ir ao estado 1
    INTEGER  deslocar, e ir ao estado 2
    ID       deslocar, e ir ao estado 3
    IF       deslocar, e ir ao estado 4
    WHILE    deslocar, e ir ao estado 5
    LET      deslocar, e ir ao estado 6
    MENOS    deslocar, e ir ao estado 7
    AP       deslocar, e ir ao estado 8

    MENOS     [reduzir usando a regra 25 (expr)]
    $padrão  reduzir usando a regra 25 (expr)

    expr            ir ao estado 73
    id              ir ao estado 11
    intconstant     ir ao estado 12
    stringconstant  ir ao estado 13


Estado 69

   34 variabledec: VAR id ATT . expr

    STRING   deslocar, e ir ao estado 1
    INTEGER  deslocar, e ir ao estado 2
    ID       deslocar, e ir ao estado 3
    IF       deslocar, e ir ao estado 4
    WHILE    deslocar, e ir ao estado 5
    LET      deslocar, e ir ao estado 6
    MENOS    deslocar, e ir ao estado 7
    AP       deslocar, e ir ao estado 8

    MENOS     [reduzir usando a regra 25 (expr)]
    $padrão  reduzir usando a regra 25 (expr)

    expr            ir ao estado 74
    id              ir ao estado 11
    intconstant     ir ao estado 12
    stringconstant  ir ao estado 13


Estado 70

   40 functiondec: FUNCTION id AP . typefields FP ATT expr

    ID  deslocar, e ir ao estado 3

    id          ir ao estado 75
    typefields  ir ao estado 76


Estado 71

   23 expr: LET declist IN exprseq END .

    $padrão  reduzir usando a regra 23 (expr)


Estado 72

    5 expr: expr . DIF expr
    6     | expr . GE expr
    7     | expr . LE expr
    8     | expr . EQ expr
    9     | expr . GT expr
   10     | expr . AND expr
   11     | expr . OR expr
   12     | expr . LT expr
   13     | expr . VEZES expr
   14     | expr . DIV expr
   15     | expr . MAIS expr
   16     | expr . MENOS expr
   28 exprlist: exprlist VIR expr .

    DIF    deslocar, e ir ao estado 21
    GE     deslocar, e ir ao estado 22
    LE     deslocar, e ir ao estado 23
    EQ     deslocar, e ir ao estado 24
    GT     deslocar, e ir ao estado 25
    LT     deslocar, e ir ao estado 26
    MAIS   deslocar, e ir ao estado 27
    MENOS  deslocar, e ir ao estado 28
    VEZES  deslocar, e ir ao estado 29
    DIV    deslocar, e ir ao estado 30
    AND    deslocar, e ir ao estado 31
    OR     deslocar, e ir ao estado 32

    $padrão  reduzir usando a regra 28 (exprlist)


Estado 73

    5 expr: expr . DIF expr
    6     | expr . GE expr
    7     | expr . LE expr
    8     | expr . EQ expr
    9     | expr . GT expr
   10     | expr . AND expr
   11     | expr . OR expr
   12     | expr . LT expr
   13     | expr . VEZES expr
   14     | expr . DIV expr
   15     | expr . MAIS expr
   16     | expr . MENOS expr
   21     | IF expr THEN expr ELSE expr .

    $padrão  reduzir usando a regra 21 (expr)


Estado 74

    5 expr: expr . DIF expr
    6     | expr . GE expr
    7     | expr . LE expr
    8     | expr . EQ expr
    9     | expr . GT expr
   10     | expr . AND expr
   11     | expr . OR expr
   12     | expr . LT expr
   13     | expr . VEZES expr
   14     | expr . DIV expr
   15     | expr . MAIS expr
   16     | expr . MENOS expr
   34 variabledec: VAR id ATT expr .

    DIF    deslocar, e ir ao estado 21
    GE     deslocar, e ir ao estado 22
    LE     deslocar, e ir ao estado 23
    EQ     deslocar, e ir ao estado 24
    GT     deslocar, e ir ao estado 25
    LT     deslocar, e ir ao estado 26
    MAIS   deslocar, e ir ao estado 27
    MENOS  deslocar, e ir ao estado 28
    VEZES  deslocar, e ir ao estado 29
    DIV    deslocar, e ir ao estado 30
    AND    deslocar, e ir ao estado 31
    OR     deslocar, e ir ao estado 32

    $padrão  reduzir usando a regra 34 (variabledec)


Estado 75

   38 typefields: id .

    $padrão  reduzir usando a regra 38 (typefields)


Estado 76

   39 typefields: typefields . VIR id
   40 functiondec: FUNCTION id AP typefields . FP ATT expr

    FP   deslocar, e ir ao estado 77
    VIR  deslocar, e ir ao estado 78


Estado 77

   40 functiondec: FUNCTION id AP typefields FP . ATT expr

    ATT  deslocar, e ir ao estado 79


Estado 78

   39 typefields: typefields VIR . id

    ID  deslocar, e ir ao estado 3

    id  ir ao estado 80


Estado 79

   40 functiondec: FUNCTION id AP typefields FP ATT . expr

    STRING   deslocar, e ir ao estado 1
    INTEGER  deslocar, e ir ao estado 2
    ID       deslocar, e ir ao estado 3
    IF       deslocar, e ir ao estado 4
    WHILE    deslocar, e ir ao estado 5
    LET      deslocar, e ir ao estado 6
    MENOS    deslocar, e ir ao estado 7
    AP       deslocar, e ir ao estado 8

    MENOS     [reduzir usando a regra 25 (expr)]
    $padrão  reduzir usando a regra 25 (expr)

    expr            ir ao estado 81
    id              ir ao estado 11
    intconstant     ir ao estado 12
    stringconstant  ir ao estado 13


Estado 80

   39 typefields: typefields VIR id .

    $padrão  reduzir usando a regra 39 (typefields)


Estado 81

    5 expr: expr . DIF expr
    6     | expr . GE expr
    7     | expr . LE expr
    8     | expr . EQ expr
    9     | expr . GT expr
   10     | expr . AND expr
   11     | expr . OR expr
   12     | expr . LT expr
   13     | expr . VEZES expr
   14     | expr . DIV expr
   15     | expr . MAIS expr
   16     | expr . MENOS expr
   40 functiondec: FUNCTION id AP typefields FP ATT expr .

    DIF    deslocar, e ir ao estado 21
    GE     deslocar, e ir ao estado 22
    LE     deslocar, e ir ao estado 23
    EQ     deslocar, e ir ao estado 24
    GT     deslocar, e ir ao estado 25
    LT     deslocar, e ir ao estado 26
    MAIS   deslocar, e ir ao estado 27
    MENOS  deslocar, e ir ao estado 28
    VEZES  deslocar, e ir ao estado 29
    DIV    deslocar, e ir ao estado 30
    AND    deslocar, e ir ao estado 31
    OR     deslocar, e ir ao estado 32

    $padrão  reduzir usando a regra 40 (functiondec)
