Estado 10 conflitos: 1 de deslocamento/redução


Gramática

    0 $accept: prog $end

    1 prog: expr

    2 expr: intconstant
    3     | lvalue
    4     | expr ATT expr
    5     | expr DIF expr
    6     | expr GE expr
    7     | expr LE expr
    8     | expr EQ expr
    9     | expr GT expr
   10     | expr AND expr
   11     | expr OR expr
   12     | expr LT expr
   13     | expr VEZES expr
   14     | expr DIV expr
   15     | expr MAIS expr
   16     | expr MENOS expr
   17     | lvalue ATT expr
   18     | ID AP exprlist FP
   19     | AP exprseq FP
   20     | IF expr THEN expr
   21     | IF expr THEN expr ELSE expr
   22     | WHILE expr DO expr
   23     | LET declist IN exprseq END
   24     | MENOS expr

   25 exprseq: exprseq PVIR expr
   26        | expr
   27        | %empty

   28 exprlist: exprlist VIR expr
   29         | expr
   30         | %empty

   31 lvalue: ID

   32 declist: %empty
   33        | declist dec

   34 dec: variabledec
   35    | functiondec

   36 variabledec: VAR ID ATT expr

   37 intconstant: INTEGER

   38 typefields: typefield
   39           | typefields VIR typefield

   40 typefield: ID DP typeid

   41 typeid: TIPOINT

   42 functiondec: FUNCTION ID AP typefields FP EQ expr


Terminais, com as regras onde eles aparecem

$end (0) 0
error (256)
INTEGER (258) 37
VAR (259) 36
FUNCTION (260) 42
ID (261) 18 31 36 40 42
IF (262) 20 21
THEN (263) 20 21
ELSE (264) 21
WHILE (265) 22
DO (266) 22
LET (267) 23
IN (268) 23
END (269) 23
ATT (270) 4 17 36
DIF (271) 5
GE (272) 6
LE (273) 7
EQ (274) 8 42
GT (275) 9
LT (276) 12
TIPOINT (277) 41
MAIS (278) 15
MENOS (279) 16 24
VEZES (280) 13
DIV (281) 14
AND (282) 10
OR (283) 11
AP (284) 18 19 42
FP (285) 18 19 42
PVIR (286) 25
VIR (287) 28 39
DP (288) 40
HTO (289)
UMENOS (290)
LTE (291)


Não terminais com as regras onde eles aparecem

$accept (37)
    à esquerda: 0
prog (38)
    à esquerda: 1, à direita: 0
expr (39)
    à esquerda: 2 3 4 5 6 7 8 9 10 11 12 13 14 15 16 17 18 19 20 21
    22 23 24, à direita: 1 4 5 6 7 8 9 10 11 12 13 14 15 16 17 20
    21 22 24 25 26 28 29 36 42
exprseq (40)
    à esquerda: 25 26 27, à direita: 19 23 25
exprlist (41)
    à esquerda: 28 29 30, à direita: 18 28
lvalue (42)
    à esquerda: 31, à direita: 3 17
declist (43)
    à esquerda: 32 33, à direita: 23 33
dec (44)
    à esquerda: 34 35, à direita: 33
variabledec (45)
    à esquerda: 36, à direita: 34
intconstant (46)
    à esquerda: 37, à direita: 2
typefields (47)
    à esquerda: 38 39, à direita: 39 42
typefield (48)
    à esquerda: 40, à direita: 38 39
typeid (49)
    à esquerda: 41, à direita: 40
functiondec (50)
    à esquerda: 42, à direita: 35


Estado 0

    0 $accept: . prog $end

    INTEGER  deslocar, e ir ao estado 1
    ID       deslocar, e ir ao estado 2
    IF       deslocar, e ir ao estado 3
    WHILE    deslocar, e ir ao estado 4
    LET      deslocar, e ir ao estado 5
    MENOS    deslocar, e ir ao estado 6
    AP       deslocar, e ir ao estado 7

    prog         ir ao estado 8
    expr         ir ao estado 9
    lvalue       ir ao estado 10
    intconstant  ir ao estado 11


Estado 1

   37 intconstant: INTEGER .

    $padrão  reduzir usando a regra 37 (intconstant)


Estado 2

   18 expr: ID . AP exprlist FP
   31 lvalue: ID .

    AP  deslocar, e ir ao estado 12

    $padrão  reduzir usando a regra 31 (lvalue)


Estado 3

   20 expr: IF . expr THEN expr
   21     | IF . expr THEN expr ELSE expr

    INTEGER  deslocar, e ir ao estado 1
    ID       deslocar, e ir ao estado 2
    IF       deslocar, e ir ao estado 3
    WHILE    deslocar, e ir ao estado 4
    LET      deslocar, e ir ao estado 5
    MENOS    deslocar, e ir ao estado 6
    AP       deslocar, e ir ao estado 7

    expr         ir ao estado 13
    lvalue       ir ao estado 10
    intconstant  ir ao estado 11


Estado 4

   22 expr: WHILE . expr DO expr

    INTEGER  deslocar, e ir ao estado 1
    ID       deslocar, e ir ao estado 2
    IF       deslocar, e ir ao estado 3
    WHILE    deslocar, e ir ao estado 4
    LET      deslocar, e ir ao estado 5
    MENOS    deslocar, e ir ao estado 6
    AP       deslocar, e ir ao estado 7

    expr         ir ao estado 14
    lvalue       ir ao estado 10
    intconstant  ir ao estado 11


Estado 5

   23 expr: LET . declist IN exprseq END

    $padrão  reduzir usando a regra 32 (declist)

    declist  ir ao estado 15


Estado 6

   24 expr: MENOS . expr

    INTEGER  deslocar, e ir ao estado 1
    ID       deslocar, e ir ao estado 2
    IF       deslocar, e ir ao estado 3
    WHILE    deslocar, e ir ao estado 4
    LET      deslocar, e ir ao estado 5
    MENOS    deslocar, e ir ao estado 6
    AP       deslocar, e ir ao estado 7

    expr         ir ao estado 16
    lvalue       ir ao estado 10
    intconstant  ir ao estado 11


Estado 7

   19 expr: AP . exprseq FP

    INTEGER  deslocar, e ir ao estado 1
    ID       deslocar, e ir ao estado 2
    IF       deslocar, e ir ao estado 3
    WHILE    deslocar, e ir ao estado 4
    LET      deslocar, e ir ao estado 5
    MENOS    deslocar, e ir ao estado 6
    AP       deslocar, e ir ao estado 7

    $padrão  reduzir usando a regra 27 (exprseq)

    expr         ir ao estado 17
    exprseq      ir ao estado 18
    lvalue       ir ao estado 10
    intconstant  ir ao estado 11


Estado 8

    0 $accept: prog . $end

    $end  deslocar, e ir ao estado 19


Estado 9

    1 prog: expr .
    4 expr: expr . ATT expr
    5     | expr . DIF expr
    6     | expr . GE expr
    7     | expr . LE expr
    8     | expr . EQ expr
    9     | expr . GT expr
   10     | expr . AND expr
   11     | expr . OR expr
   12     | expr . LT expr
   13     | expr . VEZES expr
   14     | expr . DIV expr
   15     | expr . MAIS expr
   16     | expr . MENOS expr

    ATT    deslocar, e ir ao estado 20
    DIF    deslocar, e ir ao estado 21
    GE     deslocar, e ir ao estado 22
    LE     deslocar, e ir ao estado 23
    EQ     deslocar, e ir ao estado 24
    GT     deslocar, e ir ao estado 25
    LT     deslocar, e ir ao estado 26
    MAIS   deslocar, e ir ao estado 27
    MENOS  deslocar, e ir ao estado 28
    VEZES  deslocar, e ir ao estado 29
    DIV    deslocar, e ir ao estado 30
    AND    deslocar, e ir ao estado 31
    OR     deslocar, e ir ao estado 32

    $padrão  reduzir usando a regra 1 (prog)


Estado 10

    3 expr: lvalue .
   17     | lvalue . ATT expr

    ATT  deslocar, e ir ao estado 33

    ATT       [reduzir usando a regra 3 (expr)]
    $padrão  reduzir usando a regra 3 (expr)


Estado 11

    2 expr: intconstant .

    $padrão  reduzir usando a regra 2 (expr)


Estado 12

   18 expr: ID AP . exprlist FP

    INTEGER  deslocar, e ir ao estado 1
    ID       deslocar, e ir ao estado 2
    IF       deslocar, e ir ao estado 3
    WHILE    deslocar, e ir ao estado 4
    LET      deslocar, e ir ao estado 5
    MENOS    deslocar, e ir ao estado 6
    AP       deslocar, e ir ao estado 7

    $padrão  reduzir usando a regra 30 (exprlist)

    expr         ir ao estado 34
    exprlist     ir ao estado 35
    lvalue       ir ao estado 10
    intconstant  ir ao estado 11


Estado 13

    4 expr: expr . ATT expr
    5     | expr . DIF expr
    6     | expr . GE expr
    7     | expr . LE expr
    8     | expr . EQ expr
    9     | expr . GT expr
   10     | expr . AND expr
   11     | expr . OR expr
   12     | expr . LT expr
   13     | expr . VEZES expr
   14     | expr . DIV expr
   15     | expr . MAIS expr
   16     | expr . MENOS expr
   20     | IF expr . THEN expr
   21     | IF expr . THEN expr ELSE expr

    THEN   deslocar, e ir ao estado 36
    ATT    deslocar, e ir ao estado 20
    DIF    deslocar, e ir ao estado 21
    GE     deslocar, e ir ao estado 22
    LE     deslocar, e ir ao estado 23
    EQ     deslocar, e ir ao estado 24
    GT     deslocar, e ir ao estado 25
    LT     deslocar, e ir ao estado 26
    MAIS   deslocar, e ir ao estado 27
    MENOS  deslocar, e ir ao estado 28
    VEZES  deslocar, e ir ao estado 29
    DIV    deslocar, e ir ao estado 30
    AND    deslocar, e ir ao estado 31
    OR     deslocar, e ir ao estado 32


Estado 14

    4 expr: expr . ATT expr
    5     | expr . DIF expr
    6     | expr . GE expr
    7     | expr . LE expr
    8     | expr . EQ expr
    9     | expr . GT expr
   10     | expr . AND expr
   11     | expr . OR expr
   12     | expr . LT expr
   13     | expr . VEZES expr
   14     | expr . DIV expr
   15     | expr . MAIS expr
   16     | expr . MENOS expr
   22     | WHILE expr . DO expr

    DO     deslocar, e ir ao estado 37
    ATT    deslocar, e ir ao estado 20
    DIF    deslocar, e ir ao estado 21
    GE     deslocar, e ir ao estado 22
    LE     deslocar, e ir ao estado 23
    EQ     deslocar, e ir ao estado 24
    GT     deslocar, e ir ao estado 25
    LT     deslocar, e ir ao estado 26
    MAIS   deslocar, e ir ao estado 27
    MENOS  deslocar, e ir ao estado 28
    VEZES  deslocar, e ir ao estado 29
    DIV    deslocar, e ir ao estado 30
    AND    deslocar, e ir ao estado 31
    OR     deslocar, e ir ao estado 32


Estado 15

   23 expr: LET declist . IN exprseq END
   33 declist: declist . dec

    VAR       deslocar, e ir ao estado 38
    FUNCTION  deslocar, e ir ao estado 39
    IN        deslocar, e ir ao estado 40

    dec          ir ao estado 41
    variabledec  ir ao estado 42
    functiondec  ir ao estado 43


Estado 16

    4 expr: expr . ATT expr
    5     | expr . DIF expr
    6     | expr . GE expr
    7     | expr . LE expr
    8     | expr . EQ expr
    9     | expr . GT expr
   10     | expr . AND expr
   11     | expr . OR expr
   12     | expr . LT expr
   13     | expr . VEZES expr
   14     | expr . DIV expr
   15     | expr . MAIS expr
   16     | expr . MENOS expr
   24     | MENOS expr .

    $padrão  reduzir usando a regra 24 (expr)


Estado 17

    4 expr: expr . ATT expr
    5     | expr . DIF expr
    6     | expr . GE expr
    7     | expr . LE expr
    8     | expr . EQ expr
    9     | expr . GT expr
   10     | expr . AND expr
   11     | expr . OR expr
   12     | expr . LT expr
   13     | expr . VEZES expr
   14     | expr . DIV expr
   15     | expr . MAIS expr
   16     | expr . MENOS expr
   26 exprseq: expr .

    ATT    deslocar, e ir ao estado 20
    DIF    deslocar, e ir ao estado 21
    GE     deslocar, e ir ao estado 22
    LE     deslocar, e ir ao estado 23
    EQ     deslocar, e ir ao estado 24
    GT     deslocar, e ir ao estado 25
    LT     deslocar, e ir ao estado 26
    MAIS   deslocar, e ir ao estado 27
    MENOS  deslocar, e ir ao estado 28
    VEZES  deslocar, e ir ao estado 29
    DIV    deslocar, e ir ao estado 30
    AND    deslocar, e ir ao estado 31
    OR     deslocar, e ir ao estado 32

    $padrão  reduzir usando a regra 26 (exprseq)


Estado 18

   19 expr: AP exprseq . FP
   25 exprseq: exprseq . PVIR expr

    FP    deslocar, e ir ao estado 44
    PVIR  deslocar, e ir ao estado 45


Estado 19

    0 $accept: prog $end .

    $padrão  aceitar


Estado 20

    4 expr: expr ATT . expr

    INTEGER  deslocar, e ir ao estado 1
    ID       deslocar, e ir ao estado 2
    IF       deslocar, e ir ao estado 3
    WHILE    deslocar, e ir ao estado 4
    LET      deslocar, e ir ao estado 5
    MENOS    deslocar, e ir ao estado 6
    AP       deslocar, e ir ao estado 7

    expr         ir ao estado 46
    lvalue       ir ao estado 10
    intconstant  ir ao estado 11


Estado 21

    5 expr: expr DIF . expr

    INTEGER  deslocar, e ir ao estado 1
    ID       deslocar, e ir ao estado 2
    IF       deslocar, e ir ao estado 3
    WHILE    deslocar, e ir ao estado 4
    LET      deslocar, e ir ao estado 5
    MENOS    deslocar, e ir ao estado 6
    AP       deslocar, e ir ao estado 7

    expr         ir ao estado 47
    lvalue       ir ao estado 10
    intconstant  ir ao estado 11


Estado 22

    6 expr: expr GE . expr

    INTEGER  deslocar, e ir ao estado 1
    ID       deslocar, e ir ao estado 2
    IF       deslocar, e ir ao estado 3
    WHILE    deslocar, e ir ao estado 4
    LET      deslocar, e ir ao estado 5
    MENOS    deslocar, e ir ao estado 6
    AP       deslocar, e ir ao estado 7

    expr         ir ao estado 48
    lvalue       ir ao estado 10
    intconstant  ir ao estado 11


Estado 23

    7 expr: expr LE . expr

    INTEGER  deslocar, e ir ao estado 1
    ID       deslocar, e ir ao estado 2
    IF       deslocar, e ir ao estado 3
    WHILE    deslocar, e ir ao estado 4
    LET      deslocar, e ir ao estado 5
    MENOS    deslocar, e ir ao estado 6
    AP       deslocar, e ir ao estado 7

    expr         ir ao estado 49
    lvalue       ir ao estado 10
    intconstant  ir ao estado 11


Estado 24

    8 expr: expr EQ . expr

    INTEGER  deslocar, e ir ao estado 1
    ID       deslocar, e ir ao estado 2
    IF       deslocar, e ir ao estado 3
    WHILE    deslocar, e ir ao estado 4
    LET      deslocar, e ir ao estado 5
    MENOS    deslocar, e ir ao estado 6
    AP       deslocar, e ir ao estado 7

    expr         ir ao estado 50
    lvalue       ir ao estado 10
    intconstant  ir ao estado 11


Estado 25

    9 expr: expr GT . expr

    INTEGER  deslocar, e ir ao estado 1
    ID       deslocar, e ir ao estado 2
    IF       deslocar, e ir ao estado 3
    WHILE    deslocar, e ir ao estado 4
    LET      deslocar, e ir ao estado 5
    MENOS    deslocar, e ir ao estado 6
    AP       deslocar, e ir ao estado 7

    expr         ir ao estado 51
    lvalue       ir ao estado 10
    intconstant  ir ao estado 11


Estado 26

   12 expr: expr LT . expr

    INTEGER  deslocar, e ir ao estado 1
    ID       deslocar, e ir ao estado 2
    IF       deslocar, e ir ao estado 3
    WHILE    deslocar, e ir ao estado 4
    LET      deslocar, e ir ao estado 5
    MENOS    deslocar, e ir ao estado 6
    AP       deslocar, e ir ao estado 7

    expr         ir ao estado 52
    lvalue       ir ao estado 10
    intconstant  ir ao estado 11


Estado 27

   15 expr: expr MAIS . expr

    INTEGER  deslocar, e ir ao estado 1
    ID       deslocar, e ir ao estado 2
    IF       deslocar, e ir ao estado 3
    WHILE    deslocar, e ir ao estado 4
    LET      deslocar, e ir ao estado 5
    MENOS    deslocar, e ir ao estado 6
    AP       deslocar, e ir ao estado 7

    expr         ir ao estado 53
    lvalue       ir ao estado 10
    intconstant  ir ao estado 11


Estado 28

   16 expr: expr MENOS . expr

    INTEGER  deslocar, e ir ao estado 1
    ID       deslocar, e ir ao estado 2
    IF       deslocar, e ir ao estado 3
    WHILE    deslocar, e ir ao estado 4
    LET      deslocar, e ir ao estado 5
    MENOS    deslocar, e ir ao estado 6
    AP       deslocar, e ir ao estado 7

    expr         ir ao estado 54
    lvalue       ir ao estado 10
    intconstant  ir ao estado 11


Estado 29

   13 expr: expr VEZES . expr

    INTEGER  deslocar, e ir ao estado 1
    ID       deslocar, e ir ao estado 2
    IF       deslocar, e ir ao estado 3
    WHILE    deslocar, e ir ao estado 4
    LET      deslocar, e ir ao estado 5
    MENOS    deslocar, e ir ao estado 6
    AP       deslocar, e ir ao estado 7

    expr         ir ao estado 55
    lvalue       ir ao estado 10
    intconstant  ir ao estado 11


Estado 30

   14 expr: expr DIV . expr

    INTEGER  deslocar, e ir ao estado 1
    ID       deslocar, e ir ao estado 2
    IF       deslocar, e ir ao estado 3
    WHILE    deslocar, e ir ao estado 4
    LET      deslocar, e ir ao estado 5
    MENOS    deslocar, e ir ao estado 6
    AP       deslocar, e ir ao estado 7

    expr         ir ao estado 56
    lvalue       ir ao estado 10
    intconstant  ir ao estado 11


Estado 31

   10 expr: expr AND . expr

    INTEGER  deslocar, e ir ao estado 1
    ID       deslocar, e ir ao estado 2
    IF       deslocar, e ir ao estado 3
    WHILE    deslocar, e ir ao estado 4
    LET      deslocar, e ir ao estado 5
    MENOS    deslocar, e ir ao estado 6
    AP       deslocar, e ir ao estado 7

    expr         ir ao estado 57
    lvalue       ir ao estado 10
    intconstant  ir ao estado 11


Estado 32

   11 expr: expr OR . expr

    INTEGER  deslocar, e ir ao estado 1
    ID       deslocar, e ir ao estado 2
    IF       deslocar, e ir ao estado 3
    WHILE    deslocar, e ir ao estado 4
    LET      deslocar, e ir ao estado 5
    MENOS    deslocar, e ir ao estado 6
    AP       deslocar, e ir ao estado 7

    expr         ir ao estado 58
    lvalue       ir ao estado 10
    intconstant  ir ao estado 11


Estado 33

   17 expr: lvalue ATT . expr

    INTEGER  deslocar, e ir ao estado 1
    ID       deslocar, e ir ao estado 2
    IF       deslocar, e ir ao estado 3
    WHILE    deslocar, e ir ao estado 4
    LET      deslocar, e ir ao estado 5
    MENOS    deslocar, e ir ao estado 6
    AP       deslocar, e ir ao estado 7

    expr         ir ao estado 59
    lvalue       ir ao estado 10
    intconstant  ir ao estado 11


Estado 34

    4 expr: expr . ATT expr
    5     | expr . DIF expr
    6     | expr . GE expr
    7     | expr . LE expr
    8     | expr . EQ expr
    9     | expr . GT expr
   10     | expr . AND expr
   11     | expr . OR expr
   12     | expr . LT expr
   13     | expr . VEZES expr
   14     | expr . DIV expr
   15     | expr . MAIS expr
   16     | expr . MENOS expr
   29 exprlist: expr .

    ATT    deslocar, e ir ao estado 20
    DIF    deslocar, e ir ao estado 21
    GE     deslocar, e ir ao estado 22
    LE     deslocar, e ir ao estado 23
    EQ     deslocar, e ir ao estado 24
    GT     deslocar, e ir ao estado 25
    LT     deslocar, e ir ao estado 26
    MAIS   deslocar, e ir ao estado 27
    MENOS  deslocar, e ir ao estado 28
    VEZES  deslocar, e ir ao estado 29
    DIV    deslocar, e ir ao estado 30
    AND    deslocar, e ir ao estado 31
    OR     deslocar, e ir ao estado 32

    $padrão  reduzir usando a regra 29 (exprlist)


Estado 35

   18 expr: ID AP exprlist . FP
   28 exprlist: exprlist . VIR expr

    FP   deslocar, e ir ao estado 60
    VIR  deslocar, e ir ao estado 61


Estado 36

   20 expr: IF expr THEN . expr
   21     | IF expr THEN . expr ELSE expr

    INTEGER  deslocar, e ir ao estado 1
    ID       deslocar, e ir ao estado 2
    IF       deslocar, e ir ao estado 3
    WHILE    deslocar, e ir ao estado 4
    LET      deslocar, e ir ao estado 5
    MENOS    deslocar, e ir ao estado 6
    AP       deslocar, e ir ao estado 7

    expr         ir ao estado 62
    lvalue       ir ao estado 10
    intconstant  ir ao estado 11


Estado 37

   22 expr: WHILE expr DO . expr

    INTEGER  deslocar, e ir ao estado 1
    ID       deslocar, e ir ao estado 2
    IF       deslocar, e ir ao estado 3
    WHILE    deslocar, e ir ao estado 4
    LET      deslocar, e ir ao estado 5
    MENOS    deslocar, e ir ao estado 6
    AP       deslocar, e ir ao estado 7

    expr         ir ao estado 63
    lvalue       ir ao estado 10
    intconstant  ir ao estado 11


Estado 38

   36 variabledec: VAR . ID ATT expr

    ID  deslocar, e ir ao estado 64


Estado 39

   42 functiondec: FUNCTION . ID AP typefields FP EQ expr

    ID  deslocar, e ir ao estado 65


Estado 40

   23 expr: LET declist IN . exprseq END

    INTEGER  deslocar, e ir ao estado 1
    ID       deslocar, e ir ao estado 2
    IF       deslocar, e ir ao estado 3
    WHILE    deslocar, e ir ao estado 4
    LET      deslocar, e ir ao estado 5
    MENOS    deslocar, e ir ao estado 6
    AP       deslocar, e ir ao estado 7

    $padrão  reduzir usando a regra 27 (exprseq)

    expr         ir ao estado 17
    exprseq      ir ao estado 66
    lvalue       ir ao estado 10
    intconstant  ir ao estado 11


Estado 41

   33 declist: declist dec .

    $padrão  reduzir usando a regra 33 (declist)


Estado 42

   34 dec: variabledec .

    $padrão  reduzir usando a regra 34 (dec)


Estado 43

   35 dec: functiondec .

    $padrão  reduzir usando a regra 35 (dec)


Estado 44

   19 expr: AP exprseq FP .

    $padrão  reduzir usando a regra 19 (expr)


Estado 45

   25 exprseq: exprseq PVIR . expr

    INTEGER  deslocar, e ir ao estado 1
    ID       deslocar, e ir ao estado 2
    IF       deslocar, e ir ao estado 3
    WHILE    deslocar, e ir ao estado 4
    LET      deslocar, e ir ao estado 5
    MENOS    deslocar, e ir ao estado 6
    AP       deslocar, e ir ao estado 7

    expr         ir ao estado 67
    lvalue       ir ao estado 10
    intconstant  ir ao estado 11


Estado 46

    4 expr: expr . ATT expr
    4     | expr ATT expr .
    5     | expr . DIF expr
    6     | expr . GE expr
    7     | expr . LE expr
    8     | expr . EQ expr
    9     | expr . GT expr
   10     | expr . AND expr
   11     | expr . OR expr
   12     | expr . LT expr
   13     | expr . VEZES expr
   14     | expr . DIV expr
   15     | expr . MAIS expr
   16     | expr . MENOS expr

    ATT  erro (não associativo)
    DIF  erro (não associativo)
    GE   erro (não associativo)
    LE   erro (não associativo)
    EQ   erro (não associativo)
    GT   erro (não associativo)
    LT   erro (não associativo)
    AND  erro (não associativo)
    OR   erro (não associativo)

    $padrão  reduzir usando a regra 4 (expr)


Estado 47

    4 expr: expr . ATT expr
    5     | expr . DIF expr
    5     | expr DIF expr .
    6     | expr . GE expr
    7     | expr . LE expr
    8     | expr . EQ expr
    9     | expr . GT expr
   10     | expr . AND expr
   11     | expr . OR expr
   12     | expr . LT expr
   13     | expr . VEZES expr
   14     | expr . DIV expr
   15     | expr . MAIS expr
   16     | expr . MENOS expr

    ATT  erro (não associativo)
    DIF  erro (não associativo)
    GE   erro (não associativo)
    LE   erro (não associativo)
    EQ   erro (não associativo)
    GT   erro (não associativo)
    LT   erro (não associativo)
    AND  erro (não associativo)
    OR   erro (não associativo)

    $padrão  reduzir usando a regra 5 (expr)


Estado 48

    4 expr: expr . ATT expr
    5     | expr . DIF expr
    6     | expr . GE expr
    6     | expr GE expr .
    7     | expr . LE expr
    8     | expr . EQ expr
    9     | expr . GT expr
   10     | expr . AND expr
   11     | expr . OR expr
   12     | expr . LT expr
   13     | expr . VEZES expr
   14     | expr . DIV expr
   15     | expr . MAIS expr
   16     | expr . MENOS expr

    ATT  erro (não associativo)
    DIF  erro (não associativo)
    GE   erro (não associativo)
    LE   erro (não associativo)
    EQ   erro (não associativo)
    GT   erro (não associativo)
    LT   erro (não associativo)
    AND  erro (não associativo)
    OR   erro (não associativo)

    $padrão  reduzir usando a regra 6 (expr)


Estado 49

    4 expr: expr . ATT expr
    5     | expr . DIF expr
    6     | expr . GE expr
    7     | expr . LE expr
    7     | expr LE expr .
    8     | expr . EQ expr
    9     | expr . GT expr
   10     | expr . AND expr
   11     | expr . OR expr
   12     | expr . LT expr
   13     | expr . VEZES expr
   14     | expr . DIV expr
   15     | expr . MAIS expr
   16     | expr . MENOS expr

    ATT  erro (não associativo)
    DIF  erro (não associativo)
    GE   erro (não associativo)
    LE   erro (não associativo)
    EQ   erro (não associativo)
    GT   erro (não associativo)
    LT   erro (não associativo)
    AND  erro (não associativo)
    OR   erro (não associativo)

    $padrão  reduzir usando a regra 7 (expr)


Estado 50

    4 expr: expr . ATT expr
    5     | expr . DIF expr
    6     | expr . GE expr
    7     | expr . LE expr
    8     | expr . EQ expr
    8     | expr EQ expr .
    9     | expr . GT expr
   10     | expr . AND expr
   11     | expr . OR expr
   12     | expr . LT expr
   13     | expr . VEZES expr
   14     | expr . DIV expr
   15     | expr . MAIS expr
   16     | expr . MENOS expr

    ATT  erro (não associativo)
    DIF  erro (não associativo)
    GE   erro (não associativo)
    LE   erro (não associativo)
    EQ   erro (não associativo)
    GT   erro (não associativo)
    LT   erro (não associativo)
    AND  erro (não associativo)
    OR   erro (não associativo)

    $padrão  reduzir usando a regra 8 (expr)


Estado 51

    4 expr: expr . ATT expr
    5     | expr . DIF expr
    6     | expr . GE expr
    7     | expr . LE expr
    8     | expr . EQ expr
    9     | expr . GT expr
    9     | expr GT expr .
   10     | expr . AND expr
   11     | expr . OR expr
   12     | expr . LT expr
   13     | expr . VEZES expr
   14     | expr . DIV expr
   15     | expr . MAIS expr
   16     | expr . MENOS expr

    ATT  erro (não associativo)
    DIF  erro (não associativo)
    GE   erro (não associativo)
    LE   erro (não associativo)
    EQ   erro (não associativo)
    GT   erro (não associativo)
    LT   erro (não associativo)
    AND  erro (não associativo)
    OR   erro (não associativo)

    $padrão  reduzir usando a regra 9 (expr)


Estado 52

    4 expr: expr . ATT expr
    5     | expr . DIF expr
    6     | expr . GE expr
    7     | expr . LE expr
    8     | expr . EQ expr
    9     | expr . GT expr
   10     | expr . AND expr
   11     | expr . OR expr
   12     | expr . LT expr
   12     | expr LT expr .
   13     | expr . VEZES expr
   14     | expr . DIV expr
   15     | expr . MAIS expr
   16     | expr . MENOS expr

    ATT  erro (não associativo)
    DIF  erro (não associativo)
    GE   erro (não associativo)
    LE   erro (não associativo)
    EQ   erro (não associativo)
    GT   erro (não associativo)
    LT   erro (não associativo)
    AND  erro (não associativo)
    OR   erro (não associativo)

    $padrão  reduzir usando a regra 12 (expr)


Estado 53

    4 expr: expr . ATT expr
    5     | expr . DIF expr
    6     | expr . GE expr
    7     | expr . LE expr
    8     | expr . EQ expr
    9     | expr . GT expr
   10     | expr . AND expr
   11     | expr . OR expr
   12     | expr . LT expr
   13     | expr . VEZES expr
   14     | expr . DIV expr
   15     | expr . MAIS expr
   15     | expr MAIS expr .
   16     | expr . MENOS expr

    ATT    deslocar, e ir ao estado 20
    DIF    deslocar, e ir ao estado 21
    GE     deslocar, e ir ao estado 22
    LE     deslocar, e ir ao estado 23
    EQ     deslocar, e ir ao estado 24
    GT     deslocar, e ir ao estado 25
    LT     deslocar, e ir ao estado 26
    MAIS   deslocar, e ir ao estado 27
    MENOS  deslocar, e ir ao estado 28
    AND    deslocar, e ir ao estado 31
    OR     deslocar, e ir ao estado 32

    $padrão  reduzir usando a regra 15 (expr)


Estado 54

    4 expr: expr . ATT expr
    5     | expr . DIF expr
    6     | expr . GE expr
    7     | expr . LE expr
    8     | expr . EQ expr
    9     | expr . GT expr
   10     | expr . AND expr
   11     | expr . OR expr
   12     | expr . LT expr
   13     | expr . VEZES expr
   14     | expr . DIV expr
   15     | expr . MAIS expr
   16     | expr . MENOS expr
   16     | expr MENOS expr .

    ATT    deslocar, e ir ao estado 20
    DIF    deslocar, e ir ao estado 21
    GE     deslocar, e ir ao estado 22
    LE     deslocar, e ir ao estado 23
    EQ     deslocar, e ir ao estado 24
    GT     deslocar, e ir ao estado 25
    LT     deslocar, e ir ao estado 26
    MAIS   deslocar, e ir ao estado 27
    MENOS  deslocar, e ir ao estado 28
    AND    deslocar, e ir ao estado 31
    OR     deslocar, e ir ao estado 32

    $padrão  reduzir usando a regra 16 (expr)


Estado 55

    4 expr: expr . ATT expr
    5     | expr . DIF expr
    6     | expr . GE expr
    7     | expr . LE expr
    8     | expr . EQ expr
    9     | expr . GT expr
   10     | expr . AND expr
   11     | expr . OR expr
   12     | expr . LT expr
   13     | expr . VEZES expr
   13     | expr VEZES expr .
   14     | expr . DIV expr
   15     | expr . MAIS expr
   16     | expr . MENOS expr

    ATT    deslocar, e ir ao estado 20
    DIF    deslocar, e ir ao estado 21
    GE     deslocar, e ir ao estado 22
    LE     deslocar, e ir ao estado 23
    EQ     deslocar, e ir ao estado 24
    GT     deslocar, e ir ao estado 25
    LT     deslocar, e ir ao estado 26
    MAIS   deslocar, e ir ao estado 27
    MENOS  deslocar, e ir ao estado 28
    VEZES  deslocar, e ir ao estado 29
    DIV    deslocar, e ir ao estado 30
    AND    deslocar, e ir ao estado 31
    OR     deslocar, e ir ao estado 32

    $padrão  reduzir usando a regra 13 (expr)


Estado 56

    4 expr: expr . ATT expr
    5     | expr . DIF expr
    6     | expr . GE expr
    7     | expr . LE expr
    8     | expr . EQ expr
    9     | expr . GT expr
   10     | expr . AND expr
   11     | expr . OR expr
   12     | expr . LT expr
   13     | expr . VEZES expr
   14     | expr . DIV expr
   14     | expr DIV expr .
   15     | expr . MAIS expr
   16     | expr . MENOS expr

    ATT    deslocar, e ir ao estado 20
    DIF    deslocar, e ir ao estado 21
    GE     deslocar, e ir ao estado 22
    LE     deslocar, e ir ao estado 23
    EQ     deslocar, e ir ao estado 24
    GT     deslocar, e ir ao estado 25
    LT     deslocar, e ir ao estado 26
    MAIS   deslocar, e ir ao estado 27
    MENOS  deslocar, e ir ao estado 28
    VEZES  deslocar, e ir ao estado 29
    DIV    deslocar, e ir ao estado 30
    AND    deslocar, e ir ao estado 31
    OR     deslocar, e ir ao estado 32

    $padrão  reduzir usando a regra 14 (expr)


Estado 57

    4 expr: expr . ATT expr
    5     | expr . DIF expr
    6     | expr . GE expr
    7     | expr . LE expr
    8     | expr . EQ expr
    9     | expr . GT expr
   10     | expr . AND expr
   10     | expr AND expr .
   11     | expr . OR expr
   12     | expr . LT expr
   13     | expr . VEZES expr
   14     | expr . DIV expr
   15     | expr . MAIS expr
   16     | expr . MENOS expr

    ATT  erro (não associativo)
    DIF  erro (não associativo)
    GE   erro (não associativo)
    LE   erro (não associativo)
    EQ   erro (não associativo)
    GT   erro (não associativo)
    LT   erro (não associativo)
    AND  erro (não associativo)
    OR   erro (não associativo)

    $padrão  reduzir usando a regra 10 (expr)


Estado 58

    4 expr: expr . ATT expr
    5     | expr . DIF expr
    6     | expr . GE expr
    7     | expr . LE expr
    8     | expr . EQ expr
    9     | expr . GT expr
   10     | expr . AND expr
   11     | expr . OR expr
   11     | expr OR expr .
   12     | expr . LT expr
   13     | expr . VEZES expr
   14     | expr . DIV expr
   15     | expr . MAIS expr
   16     | expr . MENOS expr

    ATT  erro (não associativo)
    DIF  erro (não associativo)
    GE   erro (não associativo)
    LE   erro (não associativo)
    EQ   erro (não associativo)
    GT   erro (não associativo)
    LT   erro (não associativo)
    AND  erro (não associativo)
    OR   erro (não associativo)

    $padrão  reduzir usando a regra 11 (expr)


Estado 59

    4 expr: expr . ATT expr
    5     | expr . DIF expr
    6     | expr . GE expr
    7     | expr . LE expr
    8     | expr . EQ expr
    9     | expr . GT expr
   10     | expr . AND expr
   11     | expr . OR expr
   12     | expr . LT expr
   13     | expr . VEZES expr
   14     | expr . DIV expr
   15     | expr . MAIS expr
   16     | expr . MENOS expr
   17     | lvalue ATT expr .

    ATT  erro (não associativo)
    DIF  erro (não associativo)
    GE   erro (não associativo)
    LE   erro (não associativo)
    EQ   erro (não associativo)
    GT   erro (não associativo)
    LT   erro (não associativo)
    AND  erro (não associativo)
    OR   erro (não associativo)

    $padrão  reduzir usando a regra 17 (expr)


Estado 60

   18 expr: ID AP exprlist FP .

    $padrão  reduzir usando a regra 18 (expr)


Estado 61

   28 exprlist: exprlist VIR . expr

    INTEGER  deslocar, e ir ao estado 1
    ID       deslocar, e ir ao estado 2
    IF       deslocar, e ir ao estado 3
    WHILE    deslocar, e ir ao estado 4
    LET      deslocar, e ir ao estado 5
    MENOS    deslocar, e ir ao estado 6
    AP       deslocar, e ir ao estado 7

    expr         ir ao estado 68
    lvalue       ir ao estado 10
    intconstant  ir ao estado 11


Estado 62

    4 expr: expr . ATT expr
    5     | expr . DIF expr
    6     | expr . GE expr
    7     | expr . LE expr
    8     | expr . EQ expr
    9     | expr . GT expr
   10     | expr . AND expr
   11     | expr . OR expr
   12     | expr . LT expr
   13     | expr . VEZES expr
   14     | expr . DIV expr
   15     | expr . MAIS expr
   16     | expr . MENOS expr
   20     | IF expr THEN expr .
   21     | IF expr THEN expr . ELSE expr

    ELSE  deslocar, e ir ao estado 69

    $padrão  reduzir usando a regra 20 (expr)


Estado 63

    4 expr: expr . ATT expr
    5     | expr . DIF expr
    6     | expr . GE expr
    7     | expr . LE expr
    8     | expr . EQ expr
    9     | expr . GT expr
   10     | expr . AND expr
   11     | expr . OR expr
   12     | expr . LT expr
   13     | expr . VEZES expr
   14     | expr . DIV expr
   15     | expr . MAIS expr
   16     | expr . MENOS expr
   22     | WHILE expr DO expr .

    $padrão  reduzir usando a regra 22 (expr)


Estado 64

   36 variabledec: VAR ID . ATT expr

    ATT  deslocar, e ir ao estado 70


Estado 65

   42 functiondec: FUNCTION ID . AP typefields FP EQ expr

    AP  deslocar, e ir ao estado 71


Estado 66

   23 expr: LET declist IN exprseq . END
   25 exprseq: exprseq . PVIR expr

    END   deslocar, e ir ao estado 72
    PVIR  deslocar, e ir ao estado 45


Estado 67

    4 expr: expr . ATT expr
    5     | expr . DIF expr
    6     | expr . GE expr
    7     | expr . LE expr
    8     | expr . EQ expr
    9     | expr . GT expr
   10     | expr . AND expr
   11     | expr . OR expr
   12     | expr . LT expr
   13     | expr . VEZES expr
   14     | expr . DIV expr
   15     | expr . MAIS expr
   16     | expr . MENOS expr
   25 exprseq: exprseq PVIR expr .

    ATT    deslocar, e ir ao estado 20
    DIF    deslocar, e ir ao estado 21
    GE     deslocar, e ir ao estado 22
    LE     deslocar, e ir ao estado 23
    EQ     deslocar, e ir ao estado 24
    GT     deslocar, e ir ao estado 25
    LT     deslocar, e ir ao estado 26
    MAIS   deslocar, e ir ao estado 27
    MENOS  deslocar, e ir ao estado 28
    VEZES  deslocar, e ir ao estado 29
    DIV    deslocar, e ir ao estado 30
    AND    deslocar, e ir ao estado 31
    OR     deslocar, e ir ao estado 32

    $padrão  reduzir usando a regra 25 (exprseq)


Estado 68

    4 expr: expr . ATT expr
    5     | expr . DIF expr
    6     | expr . GE expr
    7     | expr . LE expr
    8     | expr . EQ expr
    9     | expr . GT expr
   10     | expr . AND expr
   11     | expr . OR expr
   12     | expr . LT expr
   13     | expr . VEZES expr
   14     | expr . DIV expr
   15     | expr . MAIS expr
   16     | expr . MENOS expr
   28 exprlist: exprlist VIR expr .

    ATT    deslocar, e ir ao estado 20
    DIF    deslocar, e ir ao estado 21
    GE     deslocar, e ir ao estado 22
    LE     deslocar, e ir ao estado 23
    EQ     deslocar, e ir ao estado 24
    GT     deslocar, e ir ao estado 25
    LT     deslocar, e ir ao estado 26
    MAIS   deslocar, e ir ao estado 27
    MENOS  deslocar, e ir ao estado 28
    VEZES  deslocar, e ir ao estado 29
    DIV    deslocar, e ir ao estado 30
    AND    deslocar, e ir ao estado 31
    OR     deslocar, e ir ao estado 32

    $padrão  reduzir usando a regra 28 (exprlist)


Estado 69

   21 expr: IF expr THEN expr ELSE . expr

    INTEGER  deslocar, e ir ao estado 1
    ID       deslocar, e ir ao estado 2
    IF       deslocar, e ir ao estado 3
    WHILE    deslocar, e ir ao estado 4
    LET      deslocar, e ir ao estado 5
    MENOS    deslocar, e ir ao estado 6
    AP       deslocar, e ir ao estado 7

    expr         ir ao estado 73
    lvalue       ir ao estado 10
    intconstant  ir ao estado 11


Estado 70

   36 variabledec: VAR ID ATT . expr

    INTEGER  deslocar, e ir ao estado 1
    ID       deslocar, e ir ao estado 2
    IF       deslocar, e ir ao estado 3
    WHILE    deslocar, e ir ao estado 4
    LET      deslocar, e ir ao estado 5
    MENOS    deslocar, e ir ao estado 6
    AP       deslocar, e ir ao estado 7

    expr         ir ao estado 74
    lvalue       ir ao estado 10
    intconstant  ir ao estado 11


Estado 71

   42 functiondec: FUNCTION ID AP . typefields FP EQ expr

    ID  deslocar, e ir ao estado 75

    typefields  ir ao estado 76
    typefield   ir ao estado 77


Estado 72

   23 expr: LET declist IN exprseq END .

    $padrão  reduzir usando a regra 23 (expr)


Estado 73

    4 expr: expr . ATT expr
    5     | expr . DIF expr
    6     | expr . GE expr
    7     | expr . LE expr
    8     | expr . EQ expr
    9     | expr . GT expr
   10     | expr . AND expr
   11     | expr . OR expr
   12     | expr . LT expr
   13     | expr . VEZES expr
   14     | expr . DIV expr
   15     | expr . MAIS expr
   16     | expr . MENOS expr
   21     | IF expr THEN expr ELSE expr .

    $padrão  reduzir usando a regra 21 (expr)


Estado 74

    4 expr: expr . ATT expr
    5     | expr . DIF expr
    6     | expr . GE expr
    7     | expr . LE expr
    8     | expr . EQ expr
    9     | expr . GT expr
   10     | expr . AND expr
   11     | expr . OR expr
   12     | expr . LT expr
   13     | expr . VEZES expr
   14     | expr . DIV expr
   15     | expr . MAIS expr
   16     | expr . MENOS expr
   36 variabledec: VAR ID ATT expr .

    ATT    deslocar, e ir ao estado 20
    DIF    deslocar, e ir ao estado 21
    GE     deslocar, e ir ao estado 22
    LE     deslocar, e ir ao estado 23
    EQ     deslocar, e ir ao estado 24
    GT     deslocar, e ir ao estado 25
    LT     deslocar, e ir ao estado 26
    MAIS   deslocar, e ir ao estado 27
    MENOS  deslocar, e ir ao estado 28
    VEZES  deslocar, e ir ao estado 29
    DIV    deslocar, e ir ao estado 30
    AND    deslocar, e ir ao estado 31
    OR     deslocar, e ir ao estado 32

    $padrão  reduzir usando a regra 36 (variabledec)


Estado 75

   40 typefield: ID . DP typeid

    DP  deslocar, e ir ao estado 78


Estado 76

   39 typefields: typefields . VIR typefield
   42 functiondec: FUNCTION ID AP typefields . FP EQ expr

    FP   deslocar, e ir ao estado 79
    VIR  deslocar, e ir ao estado 80


Estado 77

   38 typefields: typefield .

    $padrão  reduzir usando a regra 38 (typefields)


Estado 78

   40 typefield: ID DP . typeid

    TIPOINT  deslocar, e ir ao estado 81

    typeid  ir ao estado 82


Estado 79

   42 functiondec: FUNCTION ID AP typefields FP . EQ expr

    EQ  deslocar, e ir ao estado 83


Estado 80

   39 typefields: typefields VIR . typefield

    ID  deslocar, e ir ao estado 75

    typefield  ir ao estado 84


Estado 81

   41 typeid: TIPOINT .

    $padrão  reduzir usando a regra 41 (typeid)


Estado 82

   40 typefield: ID DP typeid .

    $padrão  reduzir usando a regra 40 (typefield)


Estado 83

   42 functiondec: FUNCTION ID AP typefields FP EQ . expr

    INTEGER  deslocar, e ir ao estado 1
    ID       deslocar, e ir ao estado 2
    IF       deslocar, e ir ao estado 3
    WHILE    deslocar, e ir ao estado 4
    LET      deslocar, e ir ao estado 5
    MENOS    deslocar, e ir ao estado 6
    AP       deslocar, e ir ao estado 7

    expr         ir ao estado 85
    lvalue       ir ao estado 10
    intconstant  ir ao estado 11


Estado 84

   39 typefields: typefields VIR typefield .

    $padrão  reduzir usando a regra 39 (typefields)


Estado 85

    4 expr: expr . ATT expr
    5     | expr . DIF expr
    6     | expr . GE expr
    7     | expr . LE expr
    8     | expr . EQ expr
    9     | expr . GT expr
   10     | expr . AND expr
   11     | expr . OR expr
   12     | expr . LT expr
   13     | expr . VEZES expr
   14     | expr . DIV expr
   15     | expr . MAIS expr
   16     | expr . MENOS expr
   42 functiondec: FUNCTION ID AP typefields FP EQ expr .

    ATT    deslocar, e ir ao estado 20
    DIF    deslocar, e ir ao estado 21
    GE     deslocar, e ir ao estado 22
    LE     deslocar, e ir ao estado 23
    EQ     deslocar, e ir ao estado 24
    GT     deslocar, e ir ao estado 25
    LT     deslocar, e ir ao estado 26
    MAIS   deslocar, e ir ao estado 27
    MENOS  deslocar, e ir ao estado 28
    VEZES  deslocar, e ir ao estado 29
    DIV    deslocar, e ir ao estado 30
    AND    deslocar, e ir ao estado 31
    OR     deslocar, e ir ao estado 32

    $padrão  reduzir usando a regra 42 (functiondec)
